2011-07-22 14:30:04,697 - INFO - ******** analyzeAndroidData run on 2011-07-22 14:30:04.697000 **********
2011-07-22 14:30:04,697 - INFO - User data folder set: ***anonimized***\DFRWS11challenge\mtd8
2011-07-22 14:30:04,697 - INFO - Android analyzer initiated.
2011-07-22 14:30:04,697 - INFO - Scanning ***anonimized***\DFRWS11challenge\mtd8 for contact database files with name 'contacts2.db'
2011-07-22 14:30:05,509 - INFO - Found 1 contact database files:
2011-07-22 14:30:05,509 - INFO - Analyzing ***anonimized***\DFRWS11challenge\mtd8\data\com.android.providers.contacts\databases\contacts2.db...
2011-07-22 14:30:05,519 - INFO - Analysis done!
2011-07-22 14:30:05,520 - INFO - Scanning ***anonimized***\DFRWS11challenge\mtd8 for sms database files with name 'mmssms.db'
2011-07-22 14:30:06,253 - INFO - Found 1 sms database files:
2011-07-22 14:30:06,253 - INFO - Analyzing ***anonimized***\DFRWS11challenge\mtd8\data\com.android.providers.telephony\databases\mmssms.db...
2011-07-22 14:30:06,256 - INFO - Analysis done!
2011-07-22 14:30:06,256 - INFO - Scanning ***anonimized***\DFRWS11challenge\mtd8 for gmail database files with name 'mailstore.*@gmail.com.db'
2011-07-22 14:30:06,976 - INFO - Scanning ***anonimized***\DFRWS11challenge\mtd8 for download database file with name 'downloads.db'
2011-07-22 14:30:07,686 - INFO - Found 1 gmail database files and download database ***anonimized***\DFRWS11challenge\mtd8\data\com.android.providers.downloads\databases\downloads.db:
2011-07-22 14:30:07,686 - INFO - Analyzing ***anonimized***\DFRWS11challenge\mtd8\data\com.google.android.providers.gmail\databases\mailstore.yobtaog@gmail.com.db...
2011-07-22 14:30:07,700 - INFO - Analysis done!
2011-07-22 14:30:07,760 - INFO - Scanning ***anonimized***\DFRWS11challenge\mtd8 for browser database files with name 'browser.db'
2011-07-22 14:30:08,480 - INFO - Found 1 browser database files:
2011-07-22 14:30:08,480 - INFO - Analyzing ***anonimized***\DFRWS11challenge\mtd8\data\com.android.browser\databases\browser.db...
2011-07-22 14:30:08,482 - INFO - Analysis done!
2011-07-22 14:30:08,482 - INFO - Scanning ***anonimized***\DFRWS11challenge\mtd8 for browser database files with name 'webview.db'
2011-07-22 14:30:09,223 - INFO - Found 28 browser database files:
2011-07-22 14:30:09,223 - INFO - Analyzing ***anonimized***\DFRWS11challenge\mtd8\data\au.com.phil\databases\webview.db...
2011-07-22 14:30:09,224 - INFO - Analysis done!
2011-07-22 14:30:09,224 - INFO - Analyzing ***anonimized***\DFRWS11challenge\mtd8\data\com.android.browser\databases\webview.db...
2011-07-22 14:30:09,226 - INFO - Analysis done!
2011-07-22 14:30:09,226 - INFO - Analyzing ***anonimized***\DFRWS11challenge\mtd8\data\com.android.email\databases\webview.db...
2011-07-22 14:30:09,227 - INFO - Analysis done!
2011-07-22 14:30:09,227 - INFO - Analyzing ***anonimized***\DFRWS11challenge\mtd8\data\com.android.setupwizard\databases\webview.db...
2011-07-22 14:30:09,229 - INFO - Analysis done!
2011-07-22 14:30:09,229 - INFO - Analyzing ***anonimized***\DFRWS11challenge\mtd8\data\com.android.vending\databases\webview.db...
2011-07-22 14:30:09,230 - INFO - Analysis done!
2011-07-22 14:30:09,230 - INFO - Analyzing ***anonimized***\DFRWS11challenge\mtd8\data\com.bayview.tapfish\databases\webview.db...
2011-07-22 14:30:09,232 - INFO - Analysis done!
2011-07-22 14:30:09,233 - INFO - Analyzing ***anonimized***\DFRWS11challenge\mtd8\data\com.bfs.papertoss\databases\webview.db...
2011-07-22 14:30:09,233 - INFO - Analysis done!
2011-07-22 14:30:09,233 - INFO - Analyzing ***anonimized***\DFRWS11challenge\mtd8\data\com.creativemobile.DragRacing\databases\webview.db...
2011-07-22 14:30:09,236 - INFO - Analysis done!
2011-07-22 14:30:09,236 - INFO - Analyzing ***anonimized***\DFRWS11challenge\mtd8\data\com.droidhen.fruit\databases\webview.db...
2011-07-22 14:30:09,236 - INFO - Analysis done!
2011-07-22 14:30:09,236 - INFO - Analyzing ***anonimized***\DFRWS11challenge\mtd8\data\com.droidhen.game.donkeyjump\databases\webview.db...
2011-07-22 14:30:09,237 - INFO - Analysis done!
2011-07-22 14:30:09,237 - INFO - Analyzing ***anonimized***\DFRWS11challenge\mtd8\data\com.droidhen.irunner\databases\webview.db...
2011-07-22 14:30:09,240 - INFO - Analysis done!
2011-07-22 14:30:09,240 - INFO - Analyzing ***anonimized***\DFRWS11challenge\mtd8\data\com.facebook.katana\databases\webview.db...
2011-07-22 14:30:09,240 - INFO - Analysis done!
2011-07-22 14:30:09,240 - INFO - Analyzing ***anonimized***\DFRWS11challenge\mtd8\data\com.google.android.apps.maps\databases\webview.db...
2011-07-22 14:30:09,243 - INFO - Analysis done!
2011-07-22 14:30:09,243 - INFO - Analyzing ***anonimized***\DFRWS11challenge\mtd8\data\com.google.android.gm\databases\webview.db...
2011-07-22 14:30:09,243 - INFO - Analysis done!
2011-07-22 14:30:09,243 - INFO - Analyzing ***anonimized***\DFRWS11challenge\mtd8\data\com.google.zxing.client.android\databases\webview.db...
2011-07-22 14:30:09,244 - INFO - Analysis done!
2011-07-22 14:30:09,244 - INFO - Analyzing ***anonimized***\DFRWS11challenge\mtd8\data\com.handmark.tweetcaster\databases\webview.db...
2011-07-22 14:30:09,249 - INFO - Analysis done!
2011-07-22 14:30:09,250 - INFO - Analyzing ***anonimized***\DFRWS11challenge\mtd8\data\com.kakao.talk\databases\webview.db...
2011-07-22 14:30:09,250 - INFO - Analysis done!
2011-07-22 14:30:09,252 - INFO - Analyzing ***anonimized***\DFRWS11challenge\mtd8\data\com.magmamobile.game.BubbleBlast\databases\webview.db...
2011-07-22 14:30:09,253 - INFO - Analysis done!
2011-07-22 14:30:09,253 - INFO - Analyzing ***anonimized***\DFRWS11challenge\mtd8\data\com.magmamobile.game.BubbleBlast2\databases\webview.db...
2011-07-22 14:30:09,253 - INFO - Analysis done!
2011-07-22 14:30:09,255 - INFO - Analyzing ***anonimized***\DFRWS11challenge\mtd8\data\com.magmamobile.game.mousetrap\databases\webview.db...
2011-07-22 14:30:09,256 - INFO - Analysis done!
2011-07-22 14:30:09,256 - INFO - Analyzing ***anonimized***\DFRWS11challenge\mtd8\data\com.metago.astro\databases\webview.db...
2011-07-22 14:30:09,256 - INFO - Analysis done!
2011-07-22 14:30:09,257 - INFO - Analyzing ***anonimized***\DFRWS11challenge\mtd8\data\com.rovio.angrybirdsrio\databases\webview.db...
2011-07-22 14:30:09,259 - INFO - Analysis done!
2011-07-22 14:30:09,259 - INFO - Analyzing ***anonimized***\DFRWS11challenge\mtd8\data\com.shazam.android\databases\webview.db...
2011-07-22 14:30:09,262 - INFO - Analysis done!
2011-07-22 14:30:09,262 - INFO - Analyzing ***anonimized***\DFRWS11challenge\mtd8\data\com.weather.Weather\databases\webview.db...
2011-07-22 14:30:09,263 - INFO - Analysis done!
2011-07-22 14:30:09,263 - INFO - Analyzing ***anonimized***\DFRWS11challenge\mtd8\data\com.world.newspapers\databases\webview.db...
2011-07-22 14:30:09,265 - INFO - Analysis done!
2011-07-22 14:30:09,265 - INFO - Analyzing ***anonimized***\DFRWS11challenge\mtd8\data\net.sunflat.android.actionpotato\databases\webview.db...
2011-07-22 14:30:09,266 - INFO - Analysis done!
2011-07-22 14:30:09,266 - INFO - Analyzing ***anonimized***\DFRWS11challenge\mtd8\data\org.mhgames.jewels\databases\webview.db...
2011-07-22 14:30:09,267 - INFO - Analysis done!
2011-07-22 14:30:09,267 - INFO - Analyzing ***anonimized***\DFRWS11challenge\mtd8\data\thecouponsapp.coupon\databases\webview.db...
2011-07-22 14:30:09,269 - INFO - Analysis done!
2011-07-22 14:30:09,269 - INFO - Scanning ***anonimized***\DFRWS11challenge\mtd8 for browser database files with name 'webviewCache.db'
2011-07-22 14:30:09,980 - INFO - Found 28 browser database files:
2011-07-22 14:30:09,980 - INFO - Analyzing ***anonimized***\DFRWS11challenge\mtd8\data\au.com.phil\databases\webviewCache.db...
2011-07-22 14:30:09,987 - INFO - Analysis done!
2011-07-22 14:30:09,987 - INFO - Analyzing ***anonimized***\DFRWS11challenge\mtd8\data\com.android.browser\databases\webviewCache.db...
2011-07-22 14:30:10,355 - INFO - Analysis done!
2011-07-22 14:30:10,355 - INFO - Analyzing ***anonimized***\DFRWS11challenge\mtd8\data\com.android.email\databases\webviewCache.db...
2011-07-22 14:30:10,361 - INFO - Analysis done!
2011-07-22 14:30:10,362 - INFO - Analyzing ***anonimized***\DFRWS11challenge\mtd8\data\com.android.setupwizard\databases\webviewCache.db...
2011-07-22 14:30:10,365 - INFO - Analysis done!
2011-07-22 14:30:10,365 - INFO - Analyzing ***anonimized***\DFRWS11challenge\mtd8\data\com.android.vending\databases\webviewCache.db...
2011-07-22 14:30:10,483 - INFO - Analysis done!
2011-07-22 14:30:10,483 - INFO - Analyzing ***anonimized***\DFRWS11challenge\mtd8\data\com.bayview.tapfish\databases\webviewCache.db...
2011-07-22 14:30:10,492 - INFO - Analysis done!
2011-07-22 14:30:10,492 - INFO - Analyzing ***anonimized***\DFRWS11challenge\mtd8\data\com.bfs.papertoss\databases\webviewCache.db...
2011-07-22 14:30:10,500 - INFO - Analysis done!
2011-07-22 14:30:10,500 - INFO - Analyzing ***anonimized***\DFRWS11challenge\mtd8\data\com.creativemobile.DragRacing\databases\webviewCache.db...
2011-07-22 14:30:10,506 - INFO - Analysis done!
2011-07-22 14:30:10,506 - INFO - Analyzing ***anonimized***\DFRWS11challenge\mtd8\data\com.droidhen.fruit\databases\webviewCache.db...
2011-07-22 14:30:10,510 - INFO - Analysis done!
2011-07-22 14:30:10,510 - INFO - Analyzing ***anonimized***\DFRWS11challenge\mtd8\data\com.droidhen.game.donkeyjump\databases\webviewCache.db...
2011-07-22 14:30:10,516 - INFO - Analysis done!
2011-07-22 14:30:10,516 - INFO - Analyzing ***anonimized***\DFRWS11challenge\mtd8\data\com.droidhen.irunner\databases\webviewCache.db...
2011-07-22 14:30:10,519 - INFO - Analysis done!
2011-07-22 14:30:10,519 - INFO - Analyzing ***anonimized***\DFRWS11challenge\mtd8\data\com.facebook.katana\databases\webviewCache.db...
2011-07-22 14:30:10,540 - INFO - Analysis done!
2011-07-22 14:30:10,540 - INFO - Analyzing ***anonimized***\DFRWS11challenge\mtd8\data\com.google.android.apps.maps\databases\webviewCache.db...
2011-07-22 14:30:10,543 - INFO - Analysis done!
2011-07-22 14:30:10,543 - INFO - Analyzing ***anonimized***\DFRWS11challenge\mtd8\data\com.google.android.gm\databases\webviewCache.db...
2011-07-22 14:30:10,546 - INFO - Analysis done!
2011-07-22 14:30:10,546 - INFO - Analyzing ***anonimized***\DFRWS11challenge\mtd8\data\com.google.zxing.client.android\databases\webviewCache.db...
2011-07-22 14:30:10,549 - INFO - Analysis done!
2011-07-22 14:30:10,549 - INFO - Analyzing ***anonimized***\DFRWS11challenge\mtd8\data\com.handmark.tweetcaster\databases\webviewCache.db...
2011-07-22 14:30:10,566 - INFO - Analysis done!
2011-07-22 14:30:10,566 - INFO - Analyzing ***anonimized***\DFRWS11challenge\mtd8\data\com.kakao.talk\databases\webviewCache.db...
2011-07-22 14:30:10,569 - INFO - Analysis done!
2011-07-22 14:30:10,569 - INFO - Analyzing ***anonimized***\DFRWS11challenge\mtd8\data\com.magmamobile.game.BubbleBlast\databases\webviewCache.db...
2011-07-22 14:30:10,578 - INFO - Analysis done!
2011-07-22 14:30:10,578 - INFO - Analyzing ***anonimized***\DFRWS11challenge\mtd8\data\com.magmamobile.game.BubbleBlast2\databases\webviewCache.db...
2011-07-22 14:30:10,596 - INFO - Analysis done!
2011-07-22 14:30:10,596 - INFO - Analyzing ***anonimized***\DFRWS11challenge\mtd8\data\com.magmamobile.game.mousetrap\databases\webviewCache.db...
2011-07-22 14:30:10,602 - INFO - Analysis done!
2011-07-22 14:30:10,602 - INFO - Analyzing ***anonimized***\DFRWS11challenge\mtd8\data\com.metago.astro\databases\webviewCache.db...
2011-07-22 14:30:10,618 - INFO - Analysis done!
2011-07-22 14:30:10,618 - INFO - Analyzing ***anonimized***\DFRWS11challenge\mtd8\data\com.rovio.angrybirdsrio\databases\webviewCache.db...
2011-07-22 14:30:10,621 - INFO - Analysis done!
2011-07-22 14:30:10,621 - INFO - Analyzing ***anonimized***\DFRWS11challenge\mtd8\data\com.shazam.android\databases\webviewCache.db...
2011-07-22 14:30:10,625 - INFO - Analysis done!
2011-07-22 14:30:10,625 - INFO - Analyzing ***anonimized***\DFRWS11challenge\mtd8\data\com.weather.Weather\databases\webviewCache.db...
2011-07-22 14:30:10,628 - INFO - Analysis done!
2011-07-22 14:30:10,628 - INFO - Analyzing ***anonimized***\DFRWS11challenge\mtd8\data\com.world.newspapers\databases\webviewCache.db...
2011-07-22 14:30:10,661 - INFO - Analysis done!
2011-07-22 14:30:10,663 - INFO - Analyzing ***anonimized***\DFRWS11challenge\mtd8\data\net.sunflat.android.actionpotato\databases\webviewCache.db...
2011-07-22 14:30:10,671 - INFO - Analysis done!
2011-07-22 14:30:10,671 - INFO - Analyzing ***anonimized***\DFRWS11challenge\mtd8\data\org.mhgames.jewels\databases\webviewCache.db...
2011-07-22 14:30:10,674 - INFO - Analysis done!
2011-07-22 14:30:10,674 - INFO - Analyzing ***anonimized***\DFRWS11challenge\mtd8\data\thecouponsapp.coupon\databases\webviewCache.db...
2011-07-22 14:30:10,684 - INFO - Analysis done!
2011-07-22 14:30:10,684 - INFO - Scanning ***anonimized***\DFRWS11challenge\mtd8 for package file 'packages.xml'
2011-07-22 14:30:11,417 - INFO - Found 1 package file(s):
2011-07-22 14:30:11,417 - INFO - Analyzing ***anonimized***\DFRWS11challenge\mtd8\system\packages.xml...
2011-07-22 14:30:11,427 - INFO - Analysis done!
2011-07-22 14:30:11,427 - INFO - Generating report...
2011-07-22 14:30:11,499 - INFO - Report done! Output written to ***anonimized***\analyzeAndroidData.
2011-07-22 14:30:11,499 - INFO - Script finished without errors.
